C:\USERS\MATT\DOCUMENTS\VISUAL STUDIO 2012\PROJECTS\2D GAME\TUTORIAL00GUER\DEBUG\DDSTEXTURE.OBJ
C:\USERS\MATT\DOCUMENTS\VISUAL STUDIO 2012\PROJECTS\2D GAME\TUTORIAL00GUER\DEBUG\DXAPP.OBJ
C:\USERS\MATT\DOCUMENTS\VISUAL STUDIO 2012\PROJECTS\2D GAME\TUTORIAL00GUER\DEBUG\DXERR.OBJ
C:\USERS\MATT\DOCUMENTS\VISUAL STUDIO 2012\PROJECTS\2D GAME\TUTORIAL00GUER\DEBUG\DXUTIL.OBJ
C:\USERS\MATT\DOCUMENTS\VISUAL STUDIO 2012\PROJECTS\2D GAME\TUTORIAL00GUER\DEBUG\INPUT.OBJ
C:\USERS\MATT\DOCUMENTS\VISUAL STUDIO 2012\PROJECTS\2D GAME\TUTORIAL00GUER\DEBUG\PLAYER.OBJ
C:\USERS\MATT\DOCUMENTS\VISUAL STUDIO 2012\PROJECTS\2D GAME\TUTORIAL00GUER\DEBUG\SPRITE.OBJ
C:\USERS\MATT\DOCUMENTS\VISUAL STUDIO 2012\PROJECTS\2D GAME\TUTORIAL00GUER\DEBUG\WINMAIN.OBJ
C:\USERS\MATT\DOCUMENTS\VISUAL STUDIO 2012\PROJECTS\2D GAME\TUTORIAL00GUER\DEBUG\VC110.PDB
C:\USERS\MATT\DOCUMENTS\VISUAL STUDIO 2012\PROJECTS\2D GAME\TUTORIAL00GUER\DEBUG\TILE.OBJ
C:\USERS\MATT\DOCUMENTS\VISUAL STUDIO 2012\PROJECTS\2D GAME\TUTORIAL00GUER\DEBUG\GAMETIMER.OBJ
C:\USERS\MATT\DOCUMENTS\VISUAL STUDIO 2012\PROJECTS\2D GAME\DEBUG\2D GAME.ILK
C:\USERS\MATT\DOCUMENTS\VISUAL STUDIO 2012\PROJECTS\2D GAME\DEBUG\2D GAME.EXE
C:\USERS\MATT\DOCUMENTS\VISUAL STUDIO 2012\PROJECTS\2D GAME\DEBUG\2D GAME.PDB
C:\Users\Matt\Documents\Visual Studio 2012\Projects\2D Game\Tutorial00Guer\Debug\Tutorial00Guer.vcxprojResolveAssemblyReference.cache
C:\Users\Matt\Documents\Visual Studio 2012\Projects\2D Game\Tutorial00Guer\Debug\ddsTexture.obj
C:\Users\Matt\Documents\Visual Studio 2012\Projects\2D Game\Tutorial00Guer\Debug\DXApp.obj
C:\Users\Matt\Documents\Visual Studio 2012\Projects\2D Game\Tutorial00Guer\Debug\dxerr.obj
C:\Users\Matt\Documents\Visual Studio 2012\Projects\2D Game\Tutorial00Guer\Debug\DXUtil.obj
C:\Users\Matt\Documents\Visual Studio 2012\Projects\2D Game\Tutorial00Guer\Debug\GameTimer.obj
C:\Users\Matt\Documents\Visual Studio 2012\Projects\2D Game\Tutorial00Guer\Debug\Input.obj
C:\Users\Matt\Documents\Visual Studio 2012\Projects\2D Game\Tutorial00Guer\Debug\player.obj
C:\Users\Matt\Documents\Visual Studio 2012\Projects\2D Game\Tutorial00Guer\Debug\Sprite.obj
C:\Users\Matt\Documents\Visual Studio 2012\Projects\2D Game\Tutorial00Guer\Debug\tile.obj
C:\Users\Matt\Documents\Visual Studio 2012\Projects\2D Game\Tutorial00Guer\Debug\winmain.obj
C:\Users\Matt\Documents\Visual Studio 2012\Projects\2D Game\Tutorial00Guer\Debug\cl.command.1.tlog
C:\Users\Matt\Documents\Visual Studio 2012\Projects\2D Game\Tutorial00Guer\Debug\CL.read.1.tlog
C:\Users\Matt\Documents\Visual Studio 2012\Projects\2D Game\Tutorial00Guer\Debug\CL.write.1.tlog
C:\Users\Matt\Documents\Visual Studio 2012\Projects\2D Game\Tutorial00Guer\Debug\link-cvtres.read.1.tlog
C:\Users\Matt\Documents\Visual Studio 2012\Projects\2D Game\Tutorial00Guer\Debug\link-cvtres.write.1.tlog
C:\Users\Matt\Documents\Visual Studio 2012\Projects\2D Game\Tutorial00Guer\Debug\link-rc.read.1.tlog
C:\Users\Matt\Documents\Visual Studio 2012\Projects\2D Game\Tutorial00Guer\Debug\link-rc.write.1.tlog
C:\Users\Matt\Documents\Visual Studio 2012\Projects\2D Game\Tutorial00Guer\Debug\link.10380-cvtres.read.1.tlog
C:\Users\Matt\Documents\Visual Studio 2012\Projects\2D Game\Tutorial00Guer\Debug\link.10380-cvtres.write.1.tlog
C:\Users\Matt\Documents\Visual Studio 2012\Projects\2D Game\Tutorial00Guer\Debug\link.10380-rc.read.1.tlog
C:\Users\Matt\Documents\Visual Studio 2012\Projects\2D Game\Tutorial00Guer\Debug\link.10380-rc.write.1.tlog
C:\Users\Matt\Documents\Visual Studio 2012\Projects\2D Game\Tutorial00Guer\Debug\link.10380.read.1.tlog
C:\Users\Matt\Documents\Visual Studio 2012\Projects\2D Game\Tutorial00Guer\Debug\link.10380.write.1.tlog
C:\Users\Matt\Documents\Visual Studio 2012\Projects\2D Game\Tutorial00Guer\Debug\link.11052-cvtres.read.1.tlog
C:\Users\Matt\Documents\Visual Studio 2012\Projects\2D Game\Tutorial00Guer\Debug\link.11052-cvtres.write.1.tlog
C:\Users\Matt\Documents\Visual Studio 2012\Projects\2D Game\Tutorial00Guer\Debug\link.11052-rc.read.1.tlog
C:\Users\Matt\Documents\Visual Studio 2012\Projects\2D Game\Tutorial00Guer\Debug\link.11052-rc.write.1.tlog
C:\Users\Matt\Documents\Visual Studio 2012\Projects\2D Game\Tutorial00Guer\Debug\link.11052.read.1.tlog
C:\Users\Matt\Documents\Visual Studio 2012\Projects\2D Game\Tutorial00Guer\Debug\link.11052.write.1.tlog
C:\Users\Matt\Documents\Visual Studio 2012\Projects\2D Game\Tutorial00Guer\Debug\link.11224-cvtres.read.1.tlog
C:\Users\Matt\Documents\Visual Studio 2012\Projects\2D Game\Tutorial00Guer\Debug\link.11224-cvtres.write.1.tlog
C:\Users\Matt\Documents\Visual Studio 2012\Projects\2D Game\Tutorial00Guer\Debug\link.11224-rc.read.1.tlog
C:\Users\Matt\Documents\Visual Studio 2012\Projects\2D Game\Tutorial00Guer\Debug\link.11224-rc.write.1.tlog
C:\Users\Matt\Documents\Visual Studio 2012\Projects\2D Game\Tutorial00Guer\Debug\link.11224.read.1.tlog
C:\Users\Matt\Documents\Visual Studio 2012\Projects\2D Game\Tutorial00Guer\Debug\link.11224.write.1.tlog
C:\Users\Matt\Documents\Visual Studio 2012\Projects\2D Game\Tutorial00Guer\Debug\link.11492-cvtres.read.1.tlog
C:\Users\Matt\Documents\Visual Studio 2012\Projects\2D Game\Tutorial00Guer\Debug\link.11492-cvtres.write.1.tlog
C:\Users\Matt\Documents\Visual Studio 2012\Projects\2D Game\Tutorial00Guer\Debug\link.11492-rc.read.1.tlog
C:\Users\Matt\Documents\Visual Studio 2012\Projects\2D Game\Tutorial00Guer\Debug\link.11492-rc.write.1.tlog
C:\Users\Matt\Documents\Visual Studio 2012\Projects\2D Game\Tutorial00Guer\Debug\link.11492.read.1.tlog
C:\Users\Matt\Documents\Visual Studio 2012\Projects\2D Game\Tutorial00Guer\Debug\link.11492.write.1.tlog
C:\Users\Matt\Documents\Visual Studio 2012\Projects\2D Game\Tutorial00Guer\Debug\link.1736-cvtres.read.1.tlog
C:\Users\Matt\Documents\Visual Studio 2012\Projects\2D Game\Tutorial00Guer\Debug\link.1736-cvtres.write.1.tlog
C:\Users\Matt\Documents\Visual Studio 2012\Projects\2D Game\Tutorial00Guer\Debug\link.1736-rc.read.1.tlog
C:\Users\Matt\Documents\Visual Studio 2012\Projects\2D Game\Tutorial00Guer\Debug\link.1736-rc.write.1.tlog
C:\Users\Matt\Documents\Visual Studio 2012\Projects\2D Game\Tutorial00Guer\Debug\link.1736.read.1.tlog
C:\Users\Matt\Documents\Visual Studio 2012\Projects\2D Game\Tutorial00Guer\Debug\link.1736.write.1.tlog
C:\Users\Matt\Documents\Visual Studio 2012\Projects\2D Game\Tutorial00Guer\Debug\link.1848-cvtres.read.1.tlog
C:\Users\Matt\Documents\Visual Studio 2012\Projects\2D Game\Tutorial00Guer\Debug\link.1848-cvtres.write.1.tlog
C:\Users\Matt\Documents\Visual Studio 2012\Projects\2D Game\Tutorial00Guer\Debug\link.1848-rc.read.1.tlog
C:\Users\Matt\Documents\Visual Studio 2012\Projects\2D Game\Tutorial00Guer\Debug\link.1848-rc.write.1.tlog
C:\Users\Matt\Documents\Visual Studio 2012\Projects\2D Game\Tutorial00Guer\Debug\link.1848.read.1.tlog
C:\Users\Matt\Documents\Visual Studio 2012\Projects\2D Game\Tutorial00Guer\Debug\link.1848.write.1.tlog
C:\Users\Matt\Documents\Visual Studio 2012\Projects\2D Game\Tutorial00Guer\Debug\link.5036-cvtres.read.1.tlog
C:\Users\Matt\Documents\Visual Studio 2012\Projects\2D Game\Tutorial00Guer\Debug\link.5036-cvtres.write.1.tlog
C:\Users\Matt\Documents\Visual Studio 2012\Projects\2D Game\Tutorial00Guer\Debug\link.5036-rc.read.1.tlog
C:\Users\Matt\Documents\Visual Studio 2012\Projects\2D Game\Tutorial00Guer\Debug\link.5036-rc.write.1.tlog
C:\Users\Matt\Documents\Visual Studio 2012\Projects\2D Game\Tutorial00Guer\Debug\link.5036.read.1.tlog
C:\Users\Matt\Documents\Visual Studio 2012\Projects\2D Game\Tutorial00Guer\Debug\link.5036.write.1.tlog
C:\Users\Matt\Documents\Visual Studio 2012\Projects\2D Game\Tutorial00Guer\Debug\link.5952-cvtres.read.1.tlog
C:\Users\Matt\Documents\Visual Studio 2012\Projects\2D Game\Tutorial00Guer\Debug\link.5952-cvtres.write.1.tlog
C:\Users\Matt\Documents\Visual Studio 2012\Projects\2D Game\Tutorial00Guer\Debug\link.5952-rc.read.1.tlog
C:\Users\Matt\Documents\Visual Studio 2012\Projects\2D Game\Tutorial00Guer\Debug\link.5952-rc.write.1.tlog
C:\Users\Matt\Documents\Visual Studio 2012\Projects\2D Game\Tutorial00Guer\Debug\link.5952.read.1.tlog
C:\Users\Matt\Documents\Visual Studio 2012\Projects\2D Game\Tutorial00Guer\Debug\link.5952.write.1.tlog
C:\Users\Matt\Documents\Visual Studio 2012\Projects\2D Game\Tutorial00Guer\Debug\link.6572-cvtres.read.1.tlog
C:\Users\Matt\Documents\Visual Studio 2012\Projects\2D Game\Tutorial00Guer\Debug\link.6572-cvtres.write.1.tlog
C:\Users\Matt\Documents\Visual Studio 2012\Projects\2D Game\Tutorial00Guer\Debug\link.6572-rc.read.1.tlog
C:\Users\Matt\Documents\Visual Studio 2012\Projects\2D Game\Tutorial00Guer\Debug\link.6572-rc.write.1.tlog
C:\Users\Matt\Documents\Visual Studio 2012\Projects\2D Game\Tutorial00Guer\Debug\link.6572.read.1.tlog
C:\Users\Matt\Documents\Visual Studio 2012\Projects\2D Game\Tutorial00Guer\Debug\link.6572.write.1.tlog
C:\Users\Matt\Documents\Visual Studio 2012\Projects\2D Game\Tutorial00Guer\Debug\link.6924-cvtres.read.1.tlog
C:\Users\Matt\Documents\Visual Studio 2012\Projects\2D Game\Tutorial00Guer\Debug\link.6924-cvtres.write.1.tlog
C:\Users\Matt\Documents\Visual Studio 2012\Projects\2D Game\Tutorial00Guer\Debug\link.6924-rc.read.1.tlog
C:\Users\Matt\Documents\Visual Studio 2012\Projects\2D Game\Tutorial00Guer\Debug\link.6924-rc.write.1.tlog
C:\Users\Matt\Documents\Visual Studio 2012\Projects\2D Game\Tutorial00Guer\Debug\link.6924.read.1.tlog
C:\Users\Matt\Documents\Visual Studio 2012\Projects\2D Game\Tutorial00Guer\Debug\link.6924.write.1.tlog
C:\Users\Matt\Documents\Visual Studio 2012\Projects\2D Game\Tutorial00Guer\Debug\link.7888-cvtres.read.1.tlog
C:\Users\Matt\Documents\Visual Studio 2012\Projects\2D Game\Tutorial00Guer\Debug\link.7888-cvtres.write.1.tlog
C:\Users\Matt\Documents\Visual Studio 2012\Projects\2D Game\Tutorial00Guer\Debug\link.7888-rc.read.1.tlog
C:\Users\Matt\Documents\Visual Studio 2012\Projects\2D Game\Tutorial00Guer\Debug\link.7888-rc.write.1.tlog
C:\Users\Matt\Documents\Visual Studio 2012\Projects\2D Game\Tutorial00Guer\Debug\link.7888.read.1.tlog
C:\Users\Matt\Documents\Visual Studio 2012\Projects\2D Game\Tutorial00Guer\Debug\link.7888.write.1.tlog
C:\Users\Matt\Documents\Visual Studio 2012\Projects\2D Game\Tutorial00Guer\Debug\link.8416-cvtres.read.1.tlog
C:\Users\Matt\Documents\Visual Studio 2012\Projects\2D Game\Tutorial00Guer\Debug\link.8416-cvtres.write.1.tlog
C:\Users\Matt\Documents\Visual Studio 2012\Projects\2D Game\Tutorial00Guer\Debug\link.8416-rc.read.1.tlog
C:\Users\Matt\Documents\Visual Studio 2012\Projects\2D Game\Tutorial00Guer\Debug\link.8416-rc.write.1.tlog
C:\Users\Matt\Documents\Visual Studio 2012\Projects\2D Game\Tutorial00Guer\Debug\link.8416.read.1.tlog
C:\Users\Matt\Documents\Visual Studio 2012\Projects\2D Game\Tutorial00Guer\Debug\link.8416.write.1.tlog
C:\Users\Matt\Documents\Visual Studio 2012\Projects\2D Game\Tutorial00Guer\Debug\link.8520-cvtres.read.1.tlog
C:\Users\Matt\Documents\Visual Studio 2012\Projects\2D Game\Tutorial00Guer\Debug\link.8520-cvtres.write.1.tlog
C:\Users\Matt\Documents\Visual Studio 2012\Projects\2D Game\Tutorial00Guer\Debug\link.8520-rc.read.1.tlog
C:\Users\Matt\Documents\Visual Studio 2012\Projects\2D Game\Tutorial00Guer\Debug\link.8520-rc.write.1.tlog
C:\Users\Matt\Documents\Visual Studio 2012\Projects\2D Game\Tutorial00Guer\Debug\link.8520.read.1.tlog
C:\Users\Matt\Documents\Visual Studio 2012\Projects\2D Game\Tutorial00Guer\Debug\link.8520.write.1.tlog
C:\Users\Matt\Documents\Visual Studio 2012\Projects\2D Game\Tutorial00Guer\Debug\link.8708-cvtres.read.1.tlog
C:\Users\Matt\Documents\Visual Studio 2012\Projects\2D Game\Tutorial00Guer\Debug\link.8708-cvtres.write.1.tlog
C:\Users\Matt\Documents\Visual Studio 2012\Projects\2D Game\Tutorial00Guer\Debug\link.8708-rc.read.1.tlog
C:\Users\Matt\Documents\Visual Studio 2012\Projects\2D Game\Tutorial00Guer\Debug\link.8708-rc.write.1.tlog
C:\Users\Matt\Documents\Visual Studio 2012\Projects\2D Game\Tutorial00Guer\Debug\link.8708.read.1.tlog
C:\Users\Matt\Documents\Visual Studio 2012\Projects\2D Game\Tutorial00Guer\Debug\link.8708.write.1.tlog
C:\Users\Matt\Documents\Visual Studio 2012\Projects\2D Game\Tutorial00Guer\Debug\link.8776-cvtres.read.1.tlog
C:\Users\Matt\Documents\Visual Studio 2012\Projects\2D Game\Tutorial00Guer\Debug\link.8776-cvtres.write.1.tlog
C:\Users\Matt\Documents\Visual Studio 2012\Projects\2D Game\Tutorial00Guer\Debug\link.8776-rc.read.1.tlog
C:\Users\Matt\Documents\Visual Studio 2012\Projects\2D Game\Tutorial00Guer\Debug\link.8776-rc.write.1.tlog
C:\Users\Matt\Documents\Visual Studio 2012\Projects\2D Game\Tutorial00Guer\Debug\link.8776.read.1.tlog
C:\Users\Matt\Documents\Visual Studio 2012\Projects\2D Game\Tutorial00Guer\Debug\link.8776.write.1.tlog
C:\Users\Matt\Documents\Visual Studio 2012\Projects\2D Game\Tutorial00Guer\Debug\link.9136-cvtres.read.1.tlog
C:\Users\Matt\Documents\Visual Studio 2012\Projects\2D Game\Tutorial00Guer\Debug\link.9136-cvtres.write.1.tlog
C:\Users\Matt\Documents\Visual Studio 2012\Projects\2D Game\Tutorial00Guer\Debug\link.9136-rc.read.1.tlog
C:\Users\Matt\Documents\Visual Studio 2012\Projects\2D Game\Tutorial00Guer\Debug\link.9136-rc.write.1.tlog
C:\Users\Matt\Documents\Visual Studio 2012\Projects\2D Game\Tutorial00Guer\Debug\link.9136.read.1.tlog
C:\Users\Matt\Documents\Visual Studio 2012\Projects\2D Game\Tutorial00Guer\Debug\link.9136.write.1.tlog
C:\Users\Matt\Documents\Visual Studio 2012\Projects\2D Game\Tutorial00Guer\Debug\link.9172-cvtres.read.1.tlog
C:\Users\Matt\Documents\Visual Studio 2012\Projects\2D Game\Tutorial00Guer\Debug\link.9172-cvtres.write.1.tlog
C:\Users\Matt\Documents\Visual Studio 2012\Projects\2D Game\Tutorial00Guer\Debug\link.9172-rc.read.1.tlog
C:\Users\Matt\Documents\Visual Studio 2012\Projects\2D Game\Tutorial00Guer\Debug\link.9172-rc.write.1.tlog
C:\Users\Matt\Documents\Visual Studio 2012\Projects\2D Game\Tutorial00Guer\Debug\link.9172.read.1.tlog
C:\Users\Matt\Documents\Visual Studio 2012\Projects\2D Game\Tutorial00Guer\Debug\link.9172.write.1.tlog
C:\Users\Matt\Documents\Visual Studio 2012\Projects\2D Game\Tutorial00Guer\Debug\link.9416-cvtres.read.1.tlog
C:\Users\Matt\Documents\Visual Studio 2012\Projects\2D Game\Tutorial00Guer\Debug\link.9416-cvtres.write.1.tlog
C:\Users\Matt\Documents\Visual Studio 2012\Projects\2D Game\Tutorial00Guer\Debug\link.9416-rc.read.1.tlog
C:\Users\Matt\Documents\Visual Studio 2012\Projects\2D Game\Tutorial00Guer\Debug\link.9416-rc.write.1.tlog
C:\Users\Matt\Documents\Visual Studio 2012\Projects\2D Game\Tutorial00Guer\Debug\link.9416.read.1.tlog
C:\Users\Matt\Documents\Visual Studio 2012\Projects\2D Game\Tutorial00Guer\Debug\link.9416.write.1.tlog
C:\Users\Matt\Documents\Visual Studio 2012\Projects\2D Game\Tutorial00Guer\Debug\link.9608-cvtres.read.1.tlog
C:\Users\Matt\Documents\Visual Studio 2012\Projects\2D Game\Tutorial00Guer\Debug\link.9608-cvtres.write.1.tlog
C:\Users\Matt\Documents\Visual Studio 2012\Projects\2D Game\Tutorial00Guer\Debug\link.9608-rc.read.1.tlog
C:\Users\Matt\Documents\Visual Studio 2012\Projects\2D Game\Tutorial00Guer\Debug\link.9608-rc.write.1.tlog
C:\Users\Matt\Documents\Visual Studio 2012\Projects\2D Game\Tutorial00Guer\Debug\link.9608.read.1.tlog
C:\Users\Matt\Documents\Visual Studio 2012\Projects\2D Game\Tutorial00Guer\Debug\link.9608.write.1.tlog
C:\Users\Matt\Documents\Visual Studio 2012\Projects\2D Game\Tutorial00Guer\Debug\link.command.1.tlog
C:\Users\Matt\Documents\Visual Studio 2012\Projects\2D Game\Tutorial00Guer\Debug\link.read.1.tlog
C:\Users\Matt\Documents\Visual Studio 2012\Projects\2D Game\Tutorial00Guer\Debug\link.write.1.tlog
C:\Users\Matt\Documents\Visual Studio 2012\Projects\2D Game\Tutorial00Guer\Debug\vc110.idb
C:\Users\Matt\Documents\Visual Studio 2012\Projects\2D Game\Tutorial00Guer\Debug\vc110.pdb
C:\Users\Matt\Documents\Visual Studio 2012\Projects\2D Game\Debug\2D Game.pdb
C:\Users\Matt\Documents\Visual Studio 2012\Projects\2D Game\Debug\2D Game.exe
C:\Users\Matt\Documents\Visual Studio 2012\Projects\2D Game\Debug\2D Game.ilk
