C:\USERS\MATT\DOCUMENTS\VISUAL STUDIO 2012\PROJECTS\2D GAME\TUTORIAL00GUER\RELEASE\WINMAIN.OBJ
C:\USERS\MATT\DOCUMENTS\VISUAL STUDIO 2012\PROJECTS\2D GAME\TUTORIAL00GUER\RELEASE\TILE.OBJ
C:\USERS\MATT\DOCUMENTS\VISUAL STUDIO 2012\PROJECTS\2D GAME\TUTORIAL00GUER\RELEASE\SPRITE.OBJ
C:\USERS\MATT\DOCUMENTS\VISUAL STUDIO 2012\PROJECTS\2D GAME\TUTORIAL00GUER\RELEASE\PLAYER.OBJ
C:\USERS\MATT\DOCUMENTS\VISUAL STUDIO 2012\PROJECTS\2D GAME\TUTORIAL00GUER\RELEASE\INPUT.OBJ
C:\USERS\MATT\DOCUMENTS\VISUAL STUDIO 2012\PROJECTS\2D GAME\TUTORIAL00GUER\RELEASE\GAMETIMER.OBJ
C:\USERS\MATT\DOCUMENTS\VISUAL STUDIO 2012\PROJECTS\2D GAME\TUTORIAL00GUER\RELEASE\DXUTIL.OBJ
C:\USERS\MATT\DOCUMENTS\VISUAL STUDIO 2012\PROJECTS\2D GAME\TUTORIAL00GUER\RELEASE\DXERR.OBJ
C:\USERS\MATT\DOCUMENTS\VISUAL STUDIO 2012\PROJECTS\2D GAME\TUTORIAL00GUER\RELEASE\DXAPP.OBJ
C:\USERS\MATT\DOCUMENTS\VISUAL STUDIO 2012\PROJECTS\2D GAME\TUTORIAL00GUER\RELEASE\DDSTEXTURE.OBJ
C:\USERS\MATT\DOCUMENTS\VISUAL STUDIO 2012\PROJECTS\2D GAME\TUTORIAL00GUER\RELEASE\VC110.PDB
C:\USERS\MATT\DOCUMENTS\VISUAL STUDIO 2012\PROJECTS\2D GAME\RELEASE\2D GAME.EXE
C:\USERS\MATT\DOCUMENTS\VISUAL STUDIO 2012\PROJECTS\2D GAME\RELEASE\2D GAME.PDB
C:\Users\Matt\Documents\Visual Studio 2012\Projects\2DGame\Tutorial00Guer\Release\Tutorial00Guer.vcxprojResolveAssemblyReference.cache
C:\Users\Matt\Documents\Visual Studio 2012\Projects\2DGame\Tutorial00Guer\Release\ddsTexture.obj
C:\Users\Matt\Documents\Visual Studio 2012\Projects\2DGame\Tutorial00Guer\Release\DXApp.obj
C:\Users\Matt\Documents\Visual Studio 2012\Projects\2DGame\Tutorial00Guer\Release\dxerr.obj
C:\Users\Matt\Documents\Visual Studio 2012\Projects\2DGame\Tutorial00Guer\Release\DXUtil.obj
C:\Users\Matt\Documents\Visual Studio 2012\Projects\2DGame\Tutorial00Guer\Release\GameTimer.obj
C:\Users\Matt\Documents\Visual Studio 2012\Projects\2DGame\Tutorial00Guer\Release\Input.obj
C:\Users\Matt\Documents\Visual Studio 2012\Projects\2DGame\Tutorial00Guer\Release\player.obj
C:\Users\Matt\Documents\Visual Studio 2012\Projects\2DGame\Tutorial00Guer\Release\Sprite.obj
C:\Users\Matt\Documents\Visual Studio 2012\Projects\2DGame\Tutorial00Guer\Release\tile.obj
C:\Users\Matt\Documents\Visual Studio 2012\Projects\2DGame\Tutorial00Guer\Release\winmain.obj
C:\Users\Matt\Documents\Visual Studio 2012\Projects\2DGame\Tutorial00Guer\Release\cl.command.1.tlog
C:\Users\Matt\Documents\Visual Studio 2012\Projects\2DGame\Tutorial00Guer\Release\CL.read.1.tlog
C:\Users\Matt\Documents\Visual Studio 2012\Projects\2DGame\Tutorial00Guer\Release\CL.write.1.tlog
C:\Users\Matt\Documents\Visual Studio 2012\Projects\2DGame\Tutorial00Guer\Release\link-cvtres.read.1.tlog
C:\Users\Matt\Documents\Visual Studio 2012\Projects\2DGame\Tutorial00Guer\Release\link-cvtres.write.1.tlog
C:\Users\Matt\Documents\Visual Studio 2012\Projects\2DGame\Tutorial00Guer\Release\link-rc.read.1.tlog
C:\Users\Matt\Documents\Visual Studio 2012\Projects\2DGame\Tutorial00Guer\Release\link-rc.write.1.tlog
C:\Users\Matt\Documents\Visual Studio 2012\Projects\2DGame\Tutorial00Guer\Release\link.command.1.tlog
C:\Users\Matt\Documents\Visual Studio 2012\Projects\2DGame\Tutorial00Guer\Release\link.read.1.tlog
C:\Users\Matt\Documents\Visual Studio 2012\Projects\2DGame\Tutorial00Guer\Release\link.read.2.tlog
C:\Users\Matt\Documents\Visual Studio 2012\Projects\2DGame\Tutorial00Guer\Release\link.read.3.tlog
C:\Users\Matt\Documents\Visual Studio 2012\Projects\2DGame\Tutorial00Guer\Release\link.read.4.tlog
C:\Users\Matt\Documents\Visual Studio 2012\Projects\2DGame\Tutorial00Guer\Release\link.read.5.tlog
C:\Users\Matt\Documents\Visual Studio 2012\Projects\2DGame\Tutorial00Guer\Release\link.write.1.tlog
C:\Users\Matt\Documents\Visual Studio 2012\Projects\2DGame\Tutorial00Guer\Release\vc110.pdb
C:\Users\Matt\Documents\Visual Studio 2012\Projects\2DGame\Release\2D Game.pdb
C:\Users\Matt\Documents\Visual Studio 2012\Projects\2DGame\Release\2D Game.exe
